<?xml version="1.0" encoding="UTF-8" standalone="no"?>
<persistence xmlns="http://java.sun.com/xml/ns/persistence" version="2.0">
    <persistence-unit name="querydsl-cuba" transaction-type="RESOURCE_LOCAL">
<!--        <class>ru.udya.querydsl.cuba.core.domain.Account</class>-->
        <class>ru.udya.querydsl.cuba.core.domain.Animal</class>
<!--        <class>ru.udya.querydsl.cuba.core.domain.AuditLog</class>-->
<!--        <class>ru.udya.querydsl.cuba.core.domain.Author</class>-->
<!--        <class>ru.udya.querydsl.cuba.core.domain.Bar</class>-->
<!--        <class>ru.udya.querydsl.cuba.core.domain.Book</class>-->
<!--        <class>ru.udya.querydsl.cuba.core.domain.Calendar</class>-->
        <class>ru.udya.querydsl.cuba.core.domain.Cat</class>
<!--        <class>ru.udya.querydsl.cuba.core.domain.Catalog</cl&lt;!&ndash;ass>-->
<!--        <class>ru.udya.querydsl.cuba.core.domain.Company</class>-->
<!--        <class>ru.udya.querydsl.cuba.core.domain.Customer</class>-->
<!--        <class>ru.udya.querydsl.cuba.core.domain.Department</class>-->
<!--        <class>ru.udya.querydsl.cuba.core.domain.Document</class>-->
<!--        <class>ru.udya.querydsl.cuba.core.domain.Dolphin</class>-->
<!--        <class>ru.udya.querydsl.cuba.core.domain.DomesticCat</class>-->
<!--        <class>ru.udya.querydsl.cuba.core.domain.EmbeddedType</class>-->
<!--        <class>ru.udya.querydsl.cuba.core.domain.Employee</class>-->
<!--        <class>ru.udya.querydsl.cuba.core.domain.Entity1</class>-->
<!--        <class>ru.udya.querydsl.cuba.core.domain.Entity2</class>-->
<!--        <class>ru.udya.querydsl.cuba.core.domain.EvilType</class>-->
<!--        <class>ru.udya.querydsl.cuba.core.domain.Foo</class>-->
<!--        <class>ru.udya.querydsl.cuba.core.domain.Formula</class>-->
<!--        <class>ru.udya.querydsl.cuba.core.domain.Human</class>-->
<!--        <class>ru.udya.querydsl.cuba.core.domain.InheritedProperties</class>-->
<!--        <class>ru.udya.querydsl.cuba.core.domain.Item</class>-->
<!--        <class>ru.udya.querydsl.cuba.core.domain.Location</class>-->
<!--        <class>ru.udya.querydsl.cuba.core.domain.Mammal</class>-->
<!--        <class>ru.udya.querydsl.cuba.core.domain.Name</class>-->
<!--        <class>ru.udya.querydsl.cuba.core.domain.NameList</class>-->
<!--        <class>ru.udya.querydsl.cuba.core.domain.Named</class>-->
<!--        <class>ru.udya.querydsl.cuba.core.domain.Nationality</class>-->
<!--        <class>ru.udya.querydsl.cuba.core.domain.Novel</class>-->
<!--        <class>ru.udya.querydsl.cuba.core.domain.Numeric</class>-->
<!--        <class>ru.udya.querydsl.cuba.core.domain.Order</class>-->
<!--        <class>ru.udya.querydsl.cuba.core.domain.Parameter</class>-->
<!--        <class>ru.udya.querydsl.cuba.core.domain.Payment</class>-->
<!--        <class>ru.udya.querydsl.cuba.core.domain.Person</class>-->
<!--        <class>ru.udya.querydsl.cuba.core.domain.PersonId</class>-->
<!--        <class>ru.udya.querydsl.cuba.core.domain.Player</class>-->
<!--        <class>ru.udya.querydsl.cuba.core.domain.Price</class>-->
<!--        <class>ru.udya.querydsl.cuba.core.domain.Product</class>-->
        <class>ru.udya.querydsl.cuba.core.domain.Show</class>
<!--        <class>ru.udya.querydsl.cuba.core.domain.SimpleTypes</class>-->
<!--        <class>ru.udya.querydsl.cuba.core.domain.Status</class>-->
<!--        <class>ru.udya.querydsl.cuba.core.domain.StatusChange</class>-->
<!--        <class>ru.udya.querydsl.cuba.core.domain.Store</class>-->
<!--        <class>ru.udya.querydsl.cuba.core.domain.Superclass</class>-->
<!--        <class>ru.udya.querydsl.cuba.core.domain.User</class>-->
<!--        <class>ru.udya.querydsl.cuba.core.domain.World</class>-->
<!--        <class>ru.udya.querydsl.cuba.core.domain4.BookDefinition</class>-->
<!--        <class>ru.udya.querydsl.cuba.core.domain4.BookID</class>-->
<!--        <class>ru.udya.querydsl.cuba.core.domain4.BookMark</class>-->
<!--        <class>ru.udya.querydsl.cuba.core.domain4.BookVersion</class>-->
<!--        <class>ru.udya.querydsl.cuba.core.domain4.BookVersionPK</class>-->
<!--        <class>ru.udya.querydsl.cuba.core.domain4.Librar&ndash;&gt;y</class>-->
        <class>ru.udya.querydsl.cuba.core.domain.Color</class>
    </persistence-unit>
</persistence>
